app/build/intermediates/manifest_merge_blame_file/debug/manifest-merger-blame-debug-report.txt
1<?xml version="1.0" encoding="utf-8"?>
2<manifest xmlns:android="http://schemas.android.com/apk/res/android"
3    package="com.example.passmanager"
4    android:versionCode="1"
5    android:versionName="1.0" >
6
7    <uses-sdk
8        android:minSdkVersion="21"
8-->src\main\AndroidManifest.xml
9        android:targetSdkVersion="31" />
9-->src\main\AndroidManifest.xml
10
11    <application
11-->src\main\AndroidManifest.xml:5:5-35:19
12        android:allowBackup="true"
12-->src\main\AndroidManifest.xml:6:9-35
13        android:appComponentFactory="androidx.core.app.CoreComponentFactory"
13-->[androidx.core:core:1.5.0] AndroidManifest.xml:24:18-86
14        android:debuggable="true"
15        android:icon="@mipmap/ic_launcher"
15-->src\main\AndroidManifest.xml:7:9-43
16        android:label="@string/app_name"
16-->src\main\AndroidManifest.xml:8:9-41
17        android:roundIcon="@mipmap/ic_launcher_round"
17-->src\main\AndroidManifest.xml:9:9-54
18        android:supportsRtl="true"
18-->src\main\AndroidManifest.xml:10:9-35
19        android:testOnly="true"
20        android:theme="@style/Theme.PassManager" >
20-->src\main\AndroidManifest.xml:11:9-49
21        <activity
21-->src\main\AndroidManifest.xml:12:9-16:40
22            android:name="com.example.passmanager.AddNote"
22-->src\main\AndroidManifest.xml:13:13-36
23            android:exported="true"
23-->src\main\AndroidManifest.xml:14:13-36
24            android:label="Add Note"
24-->src\main\AndroidManifest.xml:16:13-37
25            android:parentActivityName="com.example.passmanager.MainActivity2" />
25-->src\main\AndroidManifest.xml:15:13-56
26        <activity
26-->src\main\AndroidManifest.xml:17:9-21:59
27            android:name="com.example.passmanager.AddPass"
27-->src\main\AndroidManifest.xml:18:13-36
28            android:exported="true"
28-->src\main\AndroidManifest.xml:19:13-36
29            android:label="Add Password"
29-->src\main\AndroidManifest.xml:20:13-41
30            android:parentActivityName="com.example.passmanager.MainActivity2" />
30-->src\main\AndroidManifest.xml:21:13-56
31        <activity
31-->src\main\AndroidManifest.xml:22:9-25:44
32            android:name="com.example.passmanager.MainActivity2"
32-->src\main\AndroidManifest.xml:23:13-42
33            android:exported="true"
33-->src\main\AndroidManifest.xml:24:13-36
34            android:label="Pass Manager" /> <!-- android:parentActivityName=".MainActivity" -->
34-->src\main\AndroidManifest.xml:25:13-41
35        <activity
35-->src\main\AndroidManifest.xml:26:9-34:20
36            android:name="com.example.passmanager.MainActivity"
36-->src\main\AndroidManifest.xml:27:13-41
37            android:exported="true" >
37-->src\main\AndroidManifest.xml:28:13-36
38            <intent-filter>
38-->src\main\AndroidManifest.xml:29:13-33:29
39                <action android:name="android.intent.action.MAIN" />
39-->src\main\AndroidManifest.xml:30:17-69
39-->src\main\AndroidManifest.xml:30:25-66
40
41                <category android:name="android.intent.category.LAUNCHER" />
41-->src\main\AndroidManifest.xml:32:17-77
41-->src\main\AndroidManifest.xml:32:27-74
42            </intent-filter>
43        </activity>
44    </application>
45
46</manifest>